<?xml version="1.0" encoding="UTF-8"?>
<!-- Generated by org.testng.reporters.JUnitXMLReporter -->
<testsuite ignored="0" hostname="LAPTOP-OE1URFOU" failures="0" tests="3" name="Test" time="9.589" errors="0" timestamp="2023-05-23T20:11:08 IST">
  <testcase classname="testClass.Post_TC_1" name="execute" time="6.402"/>
  <testcase classname="testClass.Post_TC_2" name="execute" time="1.511"/>
  <testcase classname="testClass.Post_TC_3" name="execute" time="1.442"/>
</testsuite> <!-- Test -->
