<?xml version="1.0" encoding="UTF-8"?>
<testng-results ignored="0" total="3" passed="3" failed="0" skipped="0">
  <reporter-output>
  </reporter-output>
  <suite started-at="2023-05-23T20:10:59 IST" name="Suite" finished-at="2023-05-23T20:11:08 IST" duration-ms="9589">
    <groups>
    </groups>
    <test started-at="2023-05-23T20:10:59 IST" name="Test" finished-at="2023-05-23T20:11:08 IST" duration-ms="9589">
      <class name="testClass.Post_TC_3">
        <test-method signature="execute()[pri:0, instance:testClass.Post_TC_3@6f19ac19]" started-at="2023-05-23T20:11:07 IST" name="execute" finished-at="2023-05-23T20:11:08 IST" duration-ms="1442" status="PASS">
          <reporter-output>
          </reporter-output>
        </test-method> <!-- execute -->
      </class> <!-- testClass.Post_TC_3 -->
      <class name="testClass.Post_TC_1">
        <test-method signature="execute()[pri:0, instance:testClass.Post_TC_1@68dc098b]" started-at="2023-05-23T20:10:59 IST" name="execute" finished-at="2023-05-23T20:11:05 IST" duration-ms="6402" status="PASS">
          <reporter-output>
          </reporter-output>
        </test-method> <!-- execute -->
      </class> <!-- testClass.Post_TC_1 -->
      <class name="testClass.Post_TC_2">
        <test-method signature="execute()[pri:0, instance:testClass.Post_TC_2@1bd39d3c]" started-at="2023-05-23T20:11:05 IST" name="execute" finished-at="2023-05-23T20:11:07 IST" duration-ms="1511" status="PASS">
          <reporter-output>
          </reporter-output>
        </test-method> <!-- execute -->
      </class> <!-- testClass.Post_TC_2 -->
    </test> <!-- Test -->
  </suite> <!-- Suite -->
</testng-results>
